* commit db7d3a259c245c923e1b142ddd10f1c6cee9c82f
| Author: trasto <malikontu@gmail.com>
| Date:   Wed Feb 22 13:58:00 2017 -0500
| 
|     Revert "iniciamos"
|     
|     This reverts commit 0f7de1f315a607e514bfe5f978896c47ee9bc5ee.
|     Todos vamos a morir
| 
* commit 6cd8e9e30c38b93d5bf0fa7a3af808f273aab8b9
| Author: trasto <malikontu@gmail.com>
| Date:   Wed Feb 22 13:53:14 2017 -0500
| 
|     Revert "poni"
|     
|     todo va bien
|                     todo va bien
|                                     todo va bien
|                                                     todo va bien
|                                                                     todo va
|                                                                     bien
|     
|     s
| 
* commit 270c2691ec8a232e798fa9aee3b9e9aa7422b27e
| Author: trasto <malikontu@gmail.com>
| Date:   Wed Feb 22 13:18:23 2017 -0500
| 
|     poni
| 
* commit 0f7de1f315a607e514bfe5f978896c47ee9bc5ee
  Author: trasto <malikontu@gmail.com>
  Date:   Wed Feb 22 13:09:26 2017 -0500
  
      iniciamos
bla bla bla por3

vamos por la siguiente prueba
